<ns0:test-suite xmlns:ns0="urn:model.allure.qatools.yandex.ru" start="1557135708687" stop="1557135708729">
  <name>scripts</name>
  <labels/>
  <test-cases>
    <test-case start="1557135708687" status="passed" stop="1557135708693">
      <name>C:\Users\ljb\Desktop\jenkins_project_10\scripts.test_login.TestLogin.test_login1</name>
      <attachments/>
      <labels>
        <label name="severity" value="normal"/>
        <label name="thread" value="3628-MainThread"/>
        <label name="host" value="DESKTOP-BUMIROG"/>
        <label name="framework" value="pytest"/>
        <label name="language" value="cpython3"/>
      </labels>
      <steps/>
    </test-case>
    <test-case start="1557135708694" status="failed" stop="1557135708726">
      <name>C:\Users\ljb\Desktop\jenkins_project_10\scripts.test_login.TestLogin.test_login2</name>
      <failure>
        <message>AssertionError: assert 0</message>
        <stack-trace>self = &lt;scripts.test_login.TestLogin object at 0x0000022262305240&gt;

    def test_login2(self):
        print("test_login2")
&gt;       assert 0
E       assert 0

scripts\test_login.py:9: AssertionError</stack-trace>
      </failure>
      <attachments/>
      <labels>
        <label name="severity" value="normal"/>
        <label name="thread" value="3628-MainThread"/>
        <label name="host" value="DESKTOP-BUMIROG"/>
        <label name="framework" value="pytest"/>
        <label name="language" value="cpython3"/>
      </labels>
      <steps/>
    </test-case>
    <test-case start="1557135708728" status="passed" stop="1557135708729">
      <name>C:\Users\ljb\Desktop\jenkins_project_10\scripts.test_login.TestLogin.test_login3</name>
      <attachments/>
      <labels>
        <label name="severity" value="normal"/>
        <label name="thread" value="3628-MainThread"/>
        <label name="host" value="DESKTOP-BUMIROG"/>
        <label name="framework" value="pytest"/>
        <label name="language" value="cpython3"/>
      </labels>
      <steps/>
    </test-case>
  </test-cases>
</ns0:test-suite>
